[2017-04-26 11:46:45.480] [INFO] IOMeLogger - Server running...
[2017-04-26 11:46:45.495] [INFO] IOMeLogger - { name: 'internerofme',
  version: '1.0.0',
  description: 'internetofme project',
  main: 'server.js',
  database: 
   { mongodbURL: 'mongodb://localhost:27017/',
     databaseName: 'internetofme',
     collectionName: 'buyTest',
     category: 'art' },
  report: { category: 'beauty' },
  API: { url: 'http://localhost:8099/', api: 'transactions' },
  log4js: 
   { loadAppenderType: 'file',
     path: 'logs/internetofmeLogs.log',
     loggerName: 'IOMeLogger',
     level: 'debug' },
  host: { name: 'http://BLRKEC149183L:20223' },
  author: { intern: 'Nipoon Patel' } }
[2017-04-26 11:47:23.574] [INFO] IOMeLogger - /sensorReadings GET was called
